<?xml version="1.0" encoding="UTF-8"?>
<testsuite xmlns:xsi="http://www.w3.org/2001/XMLSchema-instance" xsi:noNamespaceSchemaLocation="https://maven.apache.org/surefire/maven-surefire-plugin/xsd/surefire-test-report.xsd" name="sampleQueue.QueueTest" time="0.119" tests="19" errors="0" skipped="1" failures="0">
  <properties>
[...]
</properties>
  <testcase name="testEnqueue" classname="sampleQueue.QueueTest" time="0.006"/>
  <testcase name="isEmptyShouldGiveFalseWhenQueueIsNotEmpty" classname="sampleQueue.QueueTest" time="0.007"/>
  <testcase name="testDequeueOnEmpty" classname="sampleQueue.QueueTest" time="0">
    <skipped message="void sampleQueue.QueueTest.testDequeueOnEmpty() is @Disabled"/>
  </testcase>
  <testcase name="testonext" classname="sampleQueue.QueueTest" time="0.011"/>
  <testcase name="testPeek" classname="sampleQueue.QueueTest" time="0.012"/>
  <testcase name="testConstructor1" classname="sampleQueue.QueueTest" time="0"/>
  <testcase name="testConstructor2" classname="sampleQueue.QueueTest" time="0"/>
  <testcase name="testLengthOnEmpty" classname="sampleQueue.QueueTest" time="0"/>
  <testcase name="isEmptyShouldGiveTrueOnQueueInit" classname="sampleQueue.QueueTest" time="0"/>
  <testcase name="testtostring" classname="sampleQueue.QueueTest" time="0"/>
  <testcase name="peekThrowsExceptionOnEmpty" classname="sampleQueue.QueueTest" time="0"/>
  <testcase name="isInstantiatedWithNew" classname="sampleQueue.QueueTest" time="0"/>
  <testcase name="main" classname="sampleQueue.QueueTest" time="0"/>
  <testcase name="testoremove" classname="sampleQueue.QueueTest" time="0"/>
  <testcase name="testDequeue" classname="sampleQueue.QueueTest" time="0.001"/>
  <testcase name="testLength" classname="sampleQueue.QueueTest" time="0.003"/>
  <testcase name="testPeekOnEmpty" classname="sampleQueue.QueueTest" time="0.003"/>
  <testcase name="testIsEmpty" classname="sampleQueue.QueueTest" time="0.007"/>
  <testcase name="testRemoveAll" classname="sampleQueue.QueueTest" time="0"/>
</testsuite>